2019-02-13 07:51:50.3741|0|INFO|Surging.Core.CPlatform.Runtime.Server.Implementation.ServiceDiscovery.Attributes.AttributeServiceEntryProvider|发现了以下服务：Surging.Core.CPlatform.Module.IEchoService。 |Surging.Core.Nlog.NLogger.Log
2019-02-13 07:51:50.4774|0|INFO|Surging.Core.CPlatform.Runtime.Server.Implementation.ServiceDiscovery.Attributes.AttributeServiceEntryProvider|发现了以下服务：Surging.Core.CPlatform.Module.IEchoService,mysurging.demo.IModuleServices.IUserService。 |Surging.Core.Nlog.NLogger.Log
2019-02-13 07:52:47.0016|0|INFO|Surging.Core.CPlatform.Runtime.Server.Implementation.ServiceDiscovery.Attributes.AttributeServiceEntryProvider|发现了以下服务：Surging.Core.CPlatform.Module.IEchoService。 |Surging.Core.Nlog.NLogger.Log
2019-02-13 07:52:47.0895|0|INFO|Surging.Core.CPlatform.Runtime.Server.Implementation.ServiceDiscovery.Attributes.AttributeServiceEntryProvider|发现了以下服务：Surging.Core.CPlatform.Module.IEchoService,mysurging.demo.IModuleServices.IUserService。 |Surging.Core.Nlog.NLogger.Log
2019-02-13 07:53:00.6197|0|INFO|Surging.Core.CPlatform.Runtime.Server.Implementation.ServiceDiscovery.Attributes.AttributeServiceEntryProvider|发现了以下服务：Surging.Core.CPlatform.Module.IEchoService。 |Surging.Core.Nlog.NLogger.Log
2019-02-13 07:53:00.7136|0|INFO|Surging.Core.CPlatform.Runtime.Server.Implementation.ServiceDiscovery.Attributes.AttributeServiceEntryProvider|发现了以下服务：Surging.Core.CPlatform.Module.IEchoService,mysurging.demo.IModuleServices.IUserService。 |Surging.Core.Nlog.NLogger.Log
2019-02-13 07:53:28.2553|0|INFO|Surging.Core.CPlatform.Runtime.Server.Implementation.ServiceDiscovery.Attributes.AttributeServiceEntryProvider|发现了以下服务：Surging.Core.CPlatform.Module.IEchoService。 |Surging.Core.Nlog.NLogger.Log
2019-02-13 07:53:28.3473|0|INFO|Surging.Core.CPlatform.Runtime.Server.Implementation.ServiceDiscovery.Attributes.AttributeServiceEntryProvider|发现了以下服务：Surging.Core.CPlatform.Module.IEchoService,mysurging.demo.IModuleServices.IUserService。 |Surging.Core.Nlog.NLogger.Log
2019-02-13 07:53:28.5338|0|WARN|Surging.Core.Zookeeper.ZooKeeperServiceSubscribeManager|无法获取订阅者信息，因为节点：/services/serviceSubscribers，不存在。 |Surging.Core.Nlog.NLogger.Log
2019-02-13 07:53:28.5632|0|INFO|Surging.Core.Zookeeper.ZooKeeperServiceSubscribeManager|准备添加服务订阅者。 |Surging.Core.Nlog.NLogger.Log
2019-02-13 07:53:28.5704|0|INFO|Surging.Core.Zookeeper.ZooKeeperServiceSubscribeManager|节点/services/serviceSubscribers不存在，将进行创建。 |Surging.Core.Nlog.NLogger.Log
2019-02-13 07:53:28.7590|0|INFO|Surging.Core.Zookeeper.ZooKeeperServiceSubscribeManager|服务订阅者添加成功。 |Surging.Core.Nlog.NLogger.Log
2019-02-13 07:57:48.0863|0|INFO|Surging.Core.CPlatform.Runtime.Server.Implementation.ServiceDiscovery.Attributes.AttributeServiceEntryProvider|发现了以下服务：Surging.Core.CPlatform.Module.IEchoService。 |Surging.Core.Nlog.NLogger.Log
2019-02-13 07:57:48.1725|0|INFO|Surging.Core.CPlatform.Runtime.Server.Implementation.ServiceDiscovery.Attributes.AttributeServiceEntryProvider|发现了以下服务：Surging.Core.CPlatform.Module.IEchoService,mysurging.demo.IModuleServices.IUserService。 |Surging.Core.Nlog.NLogger.Log
2019-02-13 07:57:48.4973|0|INFO|Surging.Core.Zookeeper.ZooKeeperServiceSubscribeManager|准备添加服务订阅者。 |Surging.Core.Nlog.NLogger.Log
2019-02-13 07:57:48.5695|0|INFO|Surging.Core.Zookeeper.ZooKeeperServiceSubscribeManager|服务订阅者添加成功。 |Surging.Core.Nlog.NLogger.Log
2019-02-13 07:57:48.5815|0|INFO|Surging.Core.Zookeeper.ZookeeperServiceCacheManager|准备添加服务命令。 |Surging.Core.Nlog.NLogger.Log
2019-02-13 07:57:48.6365|0|INFO|Surging.Core.Zookeeper.ZookeeperServiceCacheManager|服务缓存添加成功。 |Surging.Core.Nlog.NLogger.Log
2019-02-13 07:59:43.1804|0|INFO|Surging.Core.CPlatform.Runtime.Server.Implementation.ServiceDiscovery.Attributes.AttributeServiceEntryProvider|发现了以下服务：Surging.Core.CPlatform.Module.IEchoService。 |Surging.Core.Nlog.NLogger.Log
2019-02-13 07:59:43.2700|0|INFO|Surging.Core.CPlatform.Runtime.Server.Implementation.ServiceDiscovery.Attributes.AttributeServiceEntryProvider|发现了以下服务：Surging.Core.CPlatform.Module.IEchoService,mysurging.demo.IModuleServices.IUserService。 |Surging.Core.Nlog.NLogger.Log
2019-02-13 07:59:43.6384|0|INFO|Surging.Core.Zookeeper.ZooKeeperServiceSubscribeManager|准备添加服务订阅者。 |Surging.Core.Nlog.NLogger.Log
2019-02-13 07:59:43.7156|0|INFO|Surging.Core.Zookeeper.ZooKeeperServiceSubscribeManager|服务订阅者添加成功。 |Surging.Core.Nlog.NLogger.Log
2019-02-13 07:59:43.7263|0|INFO|Surging.Core.Zookeeper.ZookeeperServiceCacheManager|准备添加服务命令。 |Surging.Core.Nlog.NLogger.Log
2019-02-13 07:59:43.7880|0|INFO|Surging.Core.Zookeeper.ZookeeperServiceCacheManager|服务缓存添加成功。 |Surging.Core.Nlog.NLogger.Log
2019-02-13 08:01:25.6663|0|INFO|Surging.Core.CPlatform.Runtime.Server.Implementation.ServiceDiscovery.Attributes.AttributeServiceEntryProvider|发现了以下服务：Surging.Core.CPlatform.Module.IEchoService。 |Surging.Core.Nlog.NLogger.Log
2019-02-13 08:01:25.7566|0|INFO|Surging.Core.CPlatform.Runtime.Server.Implementation.ServiceDiscovery.Attributes.AttributeServiceEntryProvider|发现了以下服务：Surging.Core.CPlatform.Module.IEchoService,mysurging.demo.IModuleServices.IUserService。 |Surging.Core.Nlog.NLogger.Log
2019-02-13 08:01:26.0868|0|INFO|Surging.Core.Zookeeper.ZooKeeperServiceSubscribeManager|准备添加服务订阅者。 |Surging.Core.Nlog.NLogger.Log
2019-02-13 08:01:26.1656|0|INFO|Surging.Core.Zookeeper.ZooKeeperServiceSubscribeManager|服务订阅者添加成功。 |Surging.Core.Nlog.NLogger.Log
2019-02-13 08:01:26.1787|0|INFO|Surging.Core.Zookeeper.ZookeeperServiceCacheManager|准备添加服务命令。 |Surging.Core.Nlog.NLogger.Log
2019-02-13 08:01:26.2358|0|INFO|Surging.Core.Zookeeper.ZookeeperServiceCacheManager|服务缓存添加成功。 |Surging.Core.Nlog.NLogger.Log
2019-02-13 08:01:45.7328|0|INFO|Surging.Core.CPlatform.Runtime.Server.Implementation.ServiceDiscovery.Attributes.AttributeServiceEntryProvider|发现了以下服务：Surging.Core.CPlatform.Module.IEchoService。 |Surging.Core.Nlog.NLogger.Log
2019-02-13 08:01:45.8377|0|INFO|Surging.Core.CPlatform.Runtime.Server.Implementation.ServiceDiscovery.Attributes.AttributeServiceEntryProvider|发现了以下服务：Surging.Core.CPlatform.Module.IEchoService,mysurging.demo.IModuleServices.IUserService。 |Surging.Core.Nlog.NLogger.Log
2019-02-13 08:01:46.1593|0|INFO|Surging.Core.Zookeeper.ZooKeeperServiceSubscribeManager|准备添加服务订阅者。 |Surging.Core.Nlog.NLogger.Log
2019-02-13 08:01:46.2344|0|INFO|Surging.Core.Zookeeper.ZooKeeperServiceSubscribeManager|服务订阅者添加成功。 |Surging.Core.Nlog.NLogger.Log
2019-02-13 08:01:46.2614|0|INFO|Surging.Core.Zookeeper.ZookeeperServiceCacheManager|准备添加服务命令。 |Surging.Core.Nlog.NLogger.Log
2019-02-13 08:01:46.3089|0|INFO|Surging.Core.Zookeeper.ZookeeperServiceCacheManager|服务缓存添加成功。 |Surging.Core.Nlog.NLogger.Log
2019-02-13 08:03:38.6115|0|INFO|Surging.Core.CPlatform.Runtime.Server.Implementation.ServiceDiscovery.Attributes.AttributeServiceEntryProvider|发现了以下服务：Surging.Core.CPlatform.Module.IEchoService。 |Surging.Core.Nlog.NLogger.Log
2019-02-13 08:03:38.7230|0|INFO|Surging.Core.CPlatform.Runtime.Server.Implementation.ServiceDiscovery.Attributes.AttributeServiceEntryProvider|发现了以下服务：Surging.Core.CPlatform.Module.IEchoService,mysurging.demo.IModuleServices.IUserService。 |Surging.Core.Nlog.NLogger.Log
2019-02-13 08:03:39.1914|0|INFO|Surging.Core.Zookeeper.ZooKeeperServiceSubscribeManager|准备添加服务订阅者。 |Surging.Core.Nlog.NLogger.Log
2019-02-13 08:03:39.2786|0|INFO|Surging.Core.Zookeeper.ZooKeeperServiceSubscribeManager|服务订阅者添加成功。 |Surging.Core.Nlog.NLogger.Log
2019-02-13 08:03:39.3165|0|INFO|Surging.Core.Zookeeper.ZookeeperServiceCacheManager|准备添加服务命令。 |Surging.Core.Nlog.NLogger.Log
2019-02-13 08:03:39.3625|0|INFO|Surging.Core.Zookeeper.ZookeeperServiceCacheManager|服务缓存添加成功。 |Surging.Core.Nlog.NLogger.Log
2019-02-13 08:09:20.0794|0|INFO|Surging.Core.CPlatform.Runtime.Server.Implementation.ServiceDiscovery.Attributes.AttributeServiceEntryProvider|发现了以下服务：Surging.Core.CPlatform.Module.IEchoService。 |Surging.Core.Nlog.NLogger.Log
2019-02-13 08:09:20.1701|0|INFO|Surging.Core.CPlatform.Runtime.Server.Implementation.ServiceDiscovery.Attributes.AttributeServiceEntryProvider|发现了以下服务：Surging.Core.CPlatform.Module.IEchoService,mysurging.demo.IModuleServices.IUserService。 |Surging.Core.Nlog.NLogger.Log
2019-02-13 08:09:20.5191|0|INFO|Surging.Core.Zookeeper.ZooKeeperServiceSubscribeManager|准备添加服务订阅者。 |Surging.Core.Nlog.NLogger.Log
2019-02-13 08:09:20.6106|0|INFO|Surging.Core.Zookeeper.ZooKeeperServiceSubscribeManager|服务订阅者添加成功。 |Surging.Core.Nlog.NLogger.Log
2019-02-13 08:09:20.6196|0|INFO|Surging.Core.Zookeeper.ZookeeperServiceCacheManager|准备添加服务命令。 |Surging.Core.Nlog.NLogger.Log
2019-02-13 08:09:20.6685|0|INFO|Surging.Core.Zookeeper.ZookeeperServiceCacheManager|服务缓存添加成功。 |Surging.Core.Nlog.NLogger.Log
2019-02-13 08:11:13.4784|0|INFO|Surging.Core.CPlatform.Runtime.Server.Implementation.ServiceDiscovery.Attributes.AttributeServiceEntryProvider|发现了以下服务：Surging.Core.CPlatform.Module.IEchoService。 |Surging.Core.Nlog.NLogger.Log
2019-02-13 08:11:13.5781|0|INFO|Surging.Core.CPlatform.Runtime.Server.Implementation.ServiceDiscovery.Attributes.AttributeServiceEntryProvider|发现了以下服务：Surging.Core.CPlatform.Module.IEchoService,mysurging.demo.IModuleServices.IUserService。 |Surging.Core.Nlog.NLogger.Log
2019-02-13 08:11:13.9038|0|INFO|Surging.Core.Zookeeper.ZooKeeperServiceSubscribeManager|准备添加服务订阅者。 |Surging.Core.Nlog.NLogger.Log
2019-02-13 08:11:13.9853|0|INFO|Surging.Core.Zookeeper.ZooKeeperServiceSubscribeManager|服务订阅者添加成功。 |Surging.Core.Nlog.NLogger.Log
2019-02-13 08:11:14.0088|0|INFO|Surging.Core.Zookeeper.ZookeeperServiceCacheManager|准备添加服务命令。 |Surging.Core.Nlog.NLogger.Log
2019-02-13 08:11:14.0542|0|INFO|Surging.Core.Zookeeper.ZookeeperServiceCacheManager|服务缓存添加成功。 |Surging.Core.Nlog.NLogger.Log
2019-02-13 08:15:09.9760|0|INFO|Surging.Core.CPlatform.Runtime.Server.Implementation.ServiceDiscovery.Attributes.AttributeServiceEntryProvider|发现了以下服务：Surging.Core.CPlatform.Module.IEchoService。 |Surging.Core.Nlog.NLogger.Log
2019-02-13 08:15:10.0599|0|INFO|Surging.Core.CPlatform.Runtime.Server.Implementation.ServiceDiscovery.Attributes.AttributeServiceEntryProvider|发现了以下服务：Surging.Core.CPlatform.Module.IEchoService,mysurging.demo.IModuleServices.IUserService。 |Surging.Core.Nlog.NLogger.Log
2019-02-13 08:15:10.3915|0|INFO|Surging.Core.Zookeeper.ZooKeeperServiceSubscribeManager|准备添加服务订阅者。 |Surging.Core.Nlog.NLogger.Log
2019-02-13 08:15:10.4647|0|INFO|Surging.Core.Zookeeper.ZooKeeperServiceSubscribeManager|服务订阅者添加成功。 |Surging.Core.Nlog.NLogger.Log
2019-02-13 08:15:10.4877|0|INFO|Surging.Core.Zookeeper.ZookeeperServiceCacheManager|准备添加服务命令。 |Surging.Core.Nlog.NLogger.Log
2019-02-13 08:15:10.5391|0|INFO|Surging.Core.Zookeeper.ZookeeperServiceCacheManager|服务缓存添加成功。 |Surging.Core.Nlog.NLogger.Log
2019-02-13 08:58:48.6528|0|INFO|Surging.Core.CPlatform.Runtime.Server.Implementation.ServiceDiscovery.Attributes.AttributeServiceEntryProvider|发现了以下服务：Surging.Core.CPlatform.Module.IEchoService。 |Surging.Core.Nlog.NLogger.Log
2019-02-13 08:58:48.7430|0|INFO|Surging.Core.CPlatform.Runtime.Server.Implementation.ServiceDiscovery.Attributes.AttributeServiceEntryProvider|发现了以下服务：Surging.Core.CPlatform.Module.IEchoService,mysurging.demo.IModuleServices.IUserService。 |Surging.Core.Nlog.NLogger.Log
2019-02-13 08:58:49.0863|0|INFO|Surging.Core.Zookeeper.ZooKeeperServiceSubscribeManager|准备添加服务订阅者。 |Surging.Core.Nlog.NLogger.Log
2019-02-13 08:58:49.1636|0|INFO|Surging.Core.Zookeeper.ZooKeeperServiceSubscribeManager|服务订阅者添加成功。 |Surging.Core.Nlog.NLogger.Log
2019-02-13 08:58:49.1909|0|INFO|Surging.Core.Zookeeper.ZookeeperServiceCacheManager|准备添加服务命令。 |Surging.Core.Nlog.NLogger.Log
2019-02-13 08:58:49.2470|0|INFO|Surging.Core.Zookeeper.ZookeeperServiceCacheManager|服务缓存添加成功。 |Surging.Core.Nlog.NLogger.Log
