2019-02-13 08:00:19.5489|0|DEBUG|Surging.Core.CPlatform.Module.ModuleProvider|已初始化加载模块，类型：AbstractModule模块名：BusinessModule。 
2019-02-13 08:00:19.6425|0|DEBUG|Surging.Core.CPlatform.Module.ModuleProvider|已初始化加载模块，类型：AbstractModule模块名：EnginePartModule。 
2019-02-13 08:00:19.6425|0|DEBUG|Surging.Core.CPlatform.Module.ModuleProvider|已初始化加载模块，类型：AbstractModule模块名：SystemModule。 
2019-02-13 08:00:19.6425|0|DEBUG|Surging.Core.CPlatform.Module.ModuleProvider|已初始化加载模块，类型：EnginePartModule模块名：CachingModule。 
2019-02-13 08:00:19.6425|0|DEBUG|Surging.Core.CPlatform.Module.ModuleProvider|已初始化加载模块，类型：EnginePartModule模块名：MessagePackModule。 
2019-02-13 08:00:19.6425|0|DEBUG|Surging.Core.CPlatform.Module.ModuleProvider|已初始化加载模块，类型：EnginePartModule模块名：NLogModule。 
2019-02-13 08:09:10.5367|0|DEBUG|Surging.Core.CPlatform.Module.ModuleProvider|已初始化加载模块，类型：AbstractModule模块名：BusinessModule。 
2019-02-13 08:09:10.6496|0|DEBUG|Surging.Core.CPlatform.Module.ModuleProvider|已初始化加载模块，类型：AbstractModule模块名：EnginePartModule。 
2019-02-13 08:09:10.6496|0|DEBUG|Surging.Core.CPlatform.Module.ModuleProvider|已初始化加载模块，类型：AbstractModule模块名：SystemModule。 
2019-02-13 08:09:10.6496|0|DEBUG|Surging.Core.CPlatform.Module.ModuleProvider|已初始化加载模块，类型：EnginePartModule模块名：CachingModule。 
2019-02-13 08:09:10.6496|0|DEBUG|Surging.Core.CPlatform.Module.ModuleProvider|已初始化加载模块，类型：EnginePartModule模块名：MessagePackModule。 
2019-02-13 08:09:10.6496|0|DEBUG|Surging.Core.CPlatform.Module.ModuleProvider|已初始化加载模块，类型：EnginePartModule模块名：NLogModule。 
2019-02-13 08:10:53.7954|0|DEBUG|Surging.Core.CPlatform.Module.ModuleProvider|已初始化加载模块，类型：AbstractModule模块名：BusinessModule。 
2019-02-13 08:10:53.8974|0|DEBUG|Surging.Core.CPlatform.Module.ModuleProvider|已初始化加载模块，类型：AbstractModule模块名：EnginePartModule。 
2019-02-13 08:10:53.8974|0|DEBUG|Surging.Core.CPlatform.Module.ModuleProvider|已初始化加载模块，类型：AbstractModule模块名：SystemModule。 
2019-02-13 08:10:53.8974|0|DEBUG|Surging.Core.CPlatform.Module.ModuleProvider|已初始化加载模块，类型：EnginePartModule模块名：CachingModule。 
2019-02-13 08:10:53.8974|0|DEBUG|Surging.Core.CPlatform.Module.ModuleProvider|已初始化加载模块，类型：EnginePartModule模块名：MessagePackModule。 
2019-02-13 08:10:53.8974|0|DEBUG|Surging.Core.CPlatform.Module.ModuleProvider|已初始化加载模块，类型：EnginePartModule模块名：NLogModule。 
2019-02-13 08:31:35.3108|0|DEBUG|Surging.Core.CPlatform.Module.ModuleProvider|已初始化加载模块，类型：AbstractModule模块名：BusinessModule。 
2019-02-13 08:31:35.3879|0|DEBUG|Surging.Core.CPlatform.Module.ModuleProvider|已初始化加载模块，类型：AbstractModule模块名：EnginePartModule。 
2019-02-13 08:31:35.3879|0|DEBUG|Surging.Core.CPlatform.Module.ModuleProvider|已初始化加载模块，类型：AbstractModule模块名：SystemModule。 
2019-02-13 08:31:35.3879|0|DEBUG|Surging.Core.CPlatform.Module.ModuleProvider|已初始化加载模块，类型：EnginePartModule模块名：CachingModule。 
2019-02-13 08:31:35.3879|0|DEBUG|Surging.Core.CPlatform.Module.ModuleProvider|已初始化加载模块，类型：EnginePartModule模块名：MessagePackModule。 
2019-02-13 08:31:35.3879|0|DEBUG|Surging.Core.CPlatform.Module.ModuleProvider|已初始化加载模块，类型：EnginePartModule模块名：NLogModule。 
2019-02-13 08:56:35.4035|0|DEBUG|Surging.Core.CPlatform.Module.ModuleProvider|已初始化加载模块，类型：AbstractModule模块名：BusinessModule。 
2019-02-13 08:56:35.4849|0|DEBUG|Surging.Core.CPlatform.Module.ModuleProvider|已初始化加载模块，类型：AbstractModule模块名：EnginePartModule。 
2019-02-13 08:56:35.4849|0|DEBUG|Surging.Core.CPlatform.Module.ModuleProvider|已初始化加载模块，类型：AbstractModule模块名：SystemModule。 
2019-02-13 08:56:35.4849|0|DEBUG|Surging.Core.CPlatform.Module.ModuleProvider|已初始化加载模块，类型：EnginePartModule模块名：CachingModule。 
2019-02-13 08:56:35.4849|0|DEBUG|Surging.Core.CPlatform.Module.ModuleProvider|已初始化加载模块，类型：EnginePartModule模块名：MessagePackModule。 
2019-02-13 08:56:35.4849|0|DEBUG|Surging.Core.CPlatform.Module.ModuleProvider|已初始化加载模块，类型：EnginePartModule模块名：NLogModule。 
